Assembler report for DE1_SOC_NIOS
Thu Feb 01 10:12:23 2018
Quartus II 64-Bit Version 15.0.2 Build 153 07/15/2015 SJ Full Version


---------------------
; Table of Contents ;
---------------------
  1. Legal Notice
  2. Assembler Summary
  3. Assembler Settings
  4. Assembler Encrypted IP Cores Summary
  5. Assembler Generated Files
  6. Assembler Device Options: Z:/Exercise3/DE1_SOC_NIOS.sof
  7. Assembler Device Options: Z:/Exercise3/DE1_SOC_NIOS.pof
  8. Assembler Messages



----------------
; Legal Notice ;
----------------
Copyright (C) 1991-2015 Altera Corporation. All rights reserved.
Your use of Altera Corporation's design tools, logic functions 
and other software and tools, and its AMPP partner logic 
functions, and any output files from any of the foregoing 
(including device programming or simulation files), and any 
associated documentation or information are expressly subject 
to the terms and conditions of the Altera Program License 
Subscription Agreement, the Altera Quartus II License Agreement,
the Altera MegaCore Function License Agreement, or other 
applicable license agreement, including, without limitation, 
that your use is for the sole purpose of programming logic 
devices manufactured by Altera and sold by Altera or its 
authorized distributors.  Please refer to the applicable 
agreement for further details.



+---------------------------------------------------------------+
; Assembler Summary                                             ;
+-----------------------+---------------------------------------+
; Assembler Status      ; Successful - Thu Feb 01 10:12:23 2018 ;
; Revision Name         ; DE1_SOC_NIOS                          ;
; Top-level Entity Name ; DE1_SOC_NIOS                          ;
; Family                ; Cyclone V                             ;
; Device                ; 5CSEMA5F31C6                          ;
+-----------------------+---------------------------------------+


+----------------------------------+
; Assembler Settings               ;
+--------+---------+---------------+
; Option ; Setting ; Default Value ;
+--------+---------+---------------+


+-------------------------------------------------------+
; Assembler Encrypted IP Cores Summary                  ;
+--------+-------------------------------+--------------+
; Vendor ; IP Core Name                  ; License Type ;
+--------+-------------------------------+--------------+
; Altera ; Nios II Processor (6AF7 00A2) ; Licensed     ;
; Altera ; Signal Tap (6AF7 BCE1)        ; Licensed     ;
; Altera ; Signal Tap (6AF7 BCEC)        ; Licensed     ;
+--------+-------------------------------+--------------+


+-------------------------------+
; Assembler Generated Files     ;
+-------------------------------+
; File Name                     ;
+-------------------------------+
; Z:/Exercise3/DE1_SOC_NIOS.sof ;
; Z:/Exercise3/DE1_SOC_NIOS.pof ;
+-------------------------------+


+---------------------------------------------------------+
; Assembler Device Options: Z:/Exercise3/DE1_SOC_NIOS.sof ;
+----------------+----------------------------------------+
; Option         ; Setting                                ;
+----------------+----------------------------------------+
; Device         ; 5CSEMA5F31C6                           ;
; JTAG usercode  ; 0x09292DB3                             ;
; Checksum       ; 0x09292DB3                             ;
+----------------+----------------------------------------+


+---------------------------------------------------------+
; Assembler Device Options: Z:/Exercise3/DE1_SOC_NIOS.pof ;
+--------------------+------------------------------------+
; Option             ; Setting                            ;
+--------------------+------------------------------------+
; Device             ; EPCS128                            ;
; JTAG usercode      ; 0x00000000                         ;
; Checksum           ; 0xDDB06C23                         ;
; Compression Ratio  ; 2                                  ;
+--------------------+------------------------------------+


+--------------------+
; Assembler Messages ;
+--------------------+
Info: *******************************************************************
Info: Running Quartus II 64-Bit Assembler
    Info: Version 15.0.2 Build 153 07/15/2015 SJ Full Version
    Info: Processing started: Thu Feb 01 10:11:48 2018
Info: Command: quartus_asm --read_settings_files=off --write_settings_files=off DE1_SOC_NIOS -c DE1_SOC_NIOS
Info (115030): Assembler is generating device programming files
Info: Quartus II 64-Bit Assembler was successful. 0 errors, 0 warnings
    Info: Peak virtual memory: 953 megabytes
    Info: Processing ended: Thu Feb 01 10:12:25 2018
    Info: Elapsed time: 00:00:37
    Info: Total CPU time (on all processors): 00:00:24


