18:12:28 **** Incremental Build of configuration Nios II for project Ex3test1 ****
make all 
Info: Building ../Ex3test1_bsp/
C:/altera/15.0/nios2eds/bin/gnu/H-x86_64-mingw32/bin/make --no-print-directory -C ../Ex3test1_bsp/
[BSP build complete]
Info: Compiling hello_world.c to obj/default/hello_world.o
nios2-elf-gcc -xc -MP -MMD -c -I../Ex3test1_bsp//HAL/inc -I../Ex3test1_bsp/ -I../Ex3test1_bsp//drivers/inc  -pipe -D__hal__ -DALT_NO_INSTRUCTION_EMULATION -DALT_SINGLE_THREADED    -O0 -g -Wall   -mhw-div -mhw-mul -mno-hw-mulx  -o obj/default/hello_world.o hello_world.c
hello_world.c:14:21: fatal error: windows.h: No such file or directory
 #include <windows.h>
                     ^
compilation terminated.
make: *** [obj/default/hello_world.o] Error 1
18:16:32 **** Build of configuration Nios II for project Ex3test1 ****
make all 
Info: Building ../Ex3test1_bsp/
C:/altera/15.0/nios2eds/bin/gnu/H-x86_64-mingw32/bin/make --no-print-directory -C ../Ex3test1_bsp/
[BSP build complete]
Info: Compiling hello_world.c to obj/default/hello_world.o
nios2-elf-gcc -xc -MP -MMD -c -I../Ex3test1_bsp//HAL/inc -I../Ex3test1_bsp/ -I../Ex3test1_bsp//drivers/inc  -pipe -D__hal__ -DALT_NO_INSTRUCTION_EMULATION -DALT_SINGLE_THREADED    -O0 -g -Wall   -mhw-div -mhw-mul -mno-hw-mulx  -o obj/default/hello_world.o hello_world.c
hello_world.c: In function 'main':
hello_world.c:48:3: warning: implicit declaration of function 'usleep' [-Wimplicit-function-declaration]
   usleep(1000 * 1000 * 1);
   ^
hello_world.c:54:20: warning: assignment makes integer from pointer without a cast
   BlueTooth_TxData = "$$$";
                    ^
hello_world.c:67:20: warning: assignment makes integer from pointer without a cast
   BlueTooth_TxData = "SN,GordonsDevice\r\n";
                    ^
hello_world.c: At top level:
hello_world.c:79:1: warning: "/*" within comment [-Wcomment]
 /* Subroutine to initialise the RS232 Port by writing some data
 ^
Info: Linking Ex3test1.elf
nios2-elf-g++  -T'../Ex3test1_bsp//linker.x' -msys-crt0='../Ex3test1_bsp//obj/HAL/src/crt0.o' -msys-lib=hal_bsp -L../Ex3test1_bsp/   -Wl,-Map=Ex3test1.map   -O0 -g -Wall   -mhw-div -mhw-mul -mno-hw-mulx  -o Ex3test1.elf obj/default/hello_world.o -lm -msys-lib=m
nios2-elf-insert Ex3test1.elf --thread_model hal --cpu_name nios2_qsys_0 --qsys true --simulation_enabled false --stderr_dev jtag_uart_0 --stdin_dev jtag_uart_0 --stdout_dev jtag_uart_0 --sopc_system_name nios_system --quartus_project_dir "Z:/cpen391/RealExercise3" --jdi Z:/cpen391/RealExercise3/software/Ex3test1_bsp/../../DE1_SOC_NIOS.jdi --sopcinfo Z:/cpen391/RealExercise3/software/Ex3test1_bsp/../../nios_system.sopcinfo
Info: (Ex3test1.elf) 69 KBytes program size (code + initialized data).
Info:                65459 KBytes free for stack + heap.
Info: Creating Ex3test1.objdump
nios2-elf-objdump --disassemble --syms --all-header --source Ex3test1.elf >Ex3test1.objdump
[Ex3test1 build complete]
18:18:14 **** Incremental Build of configuration Nios II for project Ex3test1 ****
make all 
Info: Building ../Ex3test1_bsp/
C:/altera/15.0/nios2eds/bin/gnu/H-x86_64-mingw32/bin/make --no-print-directory -C ../Ex3test1_bsp/
[BSP build complete]
[Ex3test1 build complete]
18:21:40 **** Build of configuration Nios II for project Ex3test1 ****
make all 
Info: Building ../Ex3test1_bsp/
C:/altera/15.0/nios2eds/bin/gnu/H-x86_64-mingw32/bin/make --no-print-directory -C ../Ex3test1_bsp/
[BSP build complete]
[Ex3test1 build complete]
18:22:37 **** Incremental Build of configuration Nios II for project Ex3test1 ****
make all 
Info: Building ../Ex3test1_bsp/
C:/altera/15.0/nios2eds/bin/gnu/H-x86_64-mingw32/bin/make --no-print-directory -C ../Ex3test1_bsp/
[BSP build complete]
[Ex3test1 build complete]
